<?xml version="1.0" encoding="UTF-8"?>
<testng-results skipped="0" failed="0" ignored="0" total="1" passed="1">
  <reporter-output>
  </reporter-output>
  <suite name="Default suite" duration-ms="58" started-at="2020-08-15T17:32:01Z" finished-at="2020-08-15T17:32:01Z">
    <groups>
    </groups>
    <test name="Default test" duration-ms="58" started-at="2020-08-15T17:32:01Z" finished-at="2020-08-15T17:32:01Z">
      <class name="src_test.Sample_Test">
        <test-method status="PASS" signature="m1()[pri:0, instance:src_test.Sample_Test@39c0f4a]" name="m1" duration-ms="10" started-at="2020-08-15T17:32:01Z" finished-at="2020-08-15T17:32:01Z">
          <reporter-output>
          </reporter-output>
        </test-method> <!-- m1 -->
      </class> <!-- src_test.Sample_Test -->
    </test> <!-- Default test -->
  </suite> <!-- Default suite -->
</testng-results>
